<?xml version="1.0" encoding="UTF-8"?>
<testng-results skipped="0" failed="0" total="100" passed="100">
  <reporter-output>
  </reporter-output>
  <suite name="Default suite" duration-ms="6474" started-at="2017-02-02T18:25:25Z" finished-at="2017-02-02T18:25:32Z">
    <groups>
    </groups>
    <test name="Default test" duration-ms="6474" started-at="2017-02-02T18:25:25Z" finished-at="2017-02-02T18:25:32Z">
      <class name="com.ontestautomation.restassured.datadriven.RestAssuredDataDrivenTests2">
        <test-method status="PASS" signature="compoundMetricChec(java.lang.String, java.lang.String, java.lang.String, java.lang.String)[pri:0, instance:com.ontestautomation.restassured.datadriven.RestAssuredDataDrivenTests2@5dfcfece]" name="compoundMetricChec" duration-ms="1359" started-at="2017-02-02T18:25:25Z" data-provider="metricsData" finished-at="2017-02-02T18:25:27Z">
          <params>
            <param index="0">
              <value>
                <![CDATA[cgitest_Good]]>
              </value>
            </param>
            <param index="1">
              <value>
                <![CDATA[1]]>
              </value>
            </param>
            <param index="2">
              <value>
                <![CDATA[CountNew]]>
              </value>
            </param>
            <param index="3">
              <value>
                <![CDATA[286.000000]]>
              </value>
            </param>
          </params>
          <reporter-output>
          </reporter-output>
        </test-method> <!-- compoundMetricChec -->
        <test-method status="PASS" signature="compoundMetricChec(java.lang.String, java.lang.String, java.lang.String, java.lang.String)[pri:0, instance:com.ontestautomation.restassured.datadriven.RestAssuredDataDrivenTests2@5dfcfece]" name="compoundMetricChec" duration-ms="65" started-at="2017-02-02T18:25:27Z" data-provider="metricsData" finished-at="2017-02-02T18:25:27Z">
          <params>
            <param index="0">
              <value>
                <![CDATA[cgitest_Good]]>
              </value>
            </param>
            <param index="1">
              <value>
                <![CDATA[2]]>
              </value>
            </param>
            <param index="2">
              <value>
                <![CDATA[CountNew]]>
              </value>
            </param>
            <param index="3">
              <value>
                <![CDATA[1012.000000]]>
              </value>
            </param>
          </params>
          <reporter-output>
          </reporter-output>
        </test-method> <!-- compoundMetricChec -->
        <test-method status="PASS" signature="compoundMetricChec(java.lang.String, java.lang.String, java.lang.String, java.lang.String)[pri:0, instance:com.ontestautomation.restassured.datadriven.RestAssuredDataDrivenTests2@5dfcfece]" name="compoundMetricChec" duration-ms="62" started-at="2017-02-02T18:25:27Z" data-provider="metricsData" finished-at="2017-02-02T18:25:27Z">
          <params>
            <param index="0">
              <value>
                <![CDATA[cgitest_Good]]>
              </value>
            </param>
            <param index="1">
              <value>
                <![CDATA[3]]>
              </value>
            </param>
            <param index="2">
              <value>
                <![CDATA[CountNew]]>
              </value>
            </param>
            <param index="3">
              <value>
                <![CDATA[34.000000]]>
              </value>
            </param>
          </params>
          <reporter-output>
          </reporter-output>
        </test-method> <!-- compoundMetricChec -->
        <test-method status="PASS" signature="compoundMetricChec(java.lang.String, java.lang.String, java.lang.String, java.lang.String)[pri:0, instance:com.ontestautomation.restassured.datadriven.RestAssuredDataDrivenTests2@5dfcfece]" name="compoundMetricChec" duration-ms="67" started-at="2017-02-02T18:25:27Z" data-provider="metricsData" finished-at="2017-02-02T18:25:27Z">
          <params>
            <param index="0">
              <value>
                <![CDATA[cgitest_Good]]>
              </value>
            </param>
            <param index="1">
              <value>
                <![CDATA[4]]>
              </value>
            </param>
            <param index="2">
              <value>
                <![CDATA[CountNew]]>
              </value>
            </param>
            <param index="3">
              <value>
                <![CDATA[109.000000]]>
              </value>
            </param>
          </params>
          <reporter-output>
          </reporter-output>
        </test-method> <!-- compoundMetricChec -->
        <test-method status="PASS" signature="compoundMetricChec(java.lang.String, java.lang.String, java.lang.String, java.lang.String)[pri:0, instance:com.ontestautomation.restassured.datadriven.RestAssuredDataDrivenTests2@5dfcfece]" name="compoundMetricChec" duration-ms="62" started-at="2017-02-02T18:25:27Z" data-provider="metricsData" finished-at="2017-02-02T18:25:27Z">
          <params>
            <param index="0">
              <value>
                <![CDATA[cgitest_Good]]>
              </value>
            </param>
            <param index="1">
              <value>
                <![CDATA[5]]>
              </value>
            </param>
            <param index="2">
              <value>
                <![CDATA[CountNew]]>
              </value>
            </param>
            <param index="3">
              <value>
                <![CDATA[96.000000]]>
              </value>
            </param>
          </params>
          <reporter-output>
          </reporter-output>
        </test-method> <!-- compoundMetricChec -->
        <test-method status="PASS" signature="compoundMetricChec(java.lang.String, java.lang.String, java.lang.String, java.lang.String)[pri:0, instance:com.ontestautomation.restassured.datadriven.RestAssuredDataDrivenTests2@5dfcfece]" name="compoundMetricChec" duration-ms="64" started-at="2017-02-02T18:25:27Z" data-provider="metricsData" finished-at="2017-02-02T18:25:27Z">
          <params>
            <param index="0">
              <value>
                <![CDATA[cgitest_Good]]>
              </value>
            </param>
            <param index="1">
              <value>
                <![CDATA[6]]>
              </value>
            </param>
            <param index="2">
              <value>
                <![CDATA[CountNew]]>
              </value>
            </param>
            <param index="3">
              <value>
                <![CDATA[2.000000]]>
              </value>
            </param>
          </params>
          <reporter-output>
          </reporter-output>
        </test-method> <!-- compoundMetricChec -->
        <test-method status="PASS" signature="compoundMetricChec(java.lang.String, java.lang.String, java.lang.String, java.lang.String)[pri:0, instance:com.ontestautomation.restassured.datadriven.RestAssuredDataDrivenTests2@5dfcfece]" name="compoundMetricChec" duration-ms="57" started-at="2017-02-02T18:25:27Z" data-provider="metricsData" finished-at="2017-02-02T18:25:27Z">
          <params>
            <param index="0">
              <value>
                <![CDATA[cgitest_Good]]>
              </value>
            </param>
            <param index="1">
              <value>
                <![CDATA[7]]>
              </value>
            </param>
            <param index="2">
              <value>
                <![CDATA[CountNew]]>
              </value>
            </param>
            <param index="3">
              <value>
                <![CDATA[0.000000]]>
              </value>
            </param>
          </params>
          <reporter-output>
          </reporter-output>
        </test-method> <!-- compoundMetricChec -->
        <test-method status="PASS" signature="compoundMetricChec(java.lang.String, java.lang.String, java.lang.String, java.lang.String)[pri:0, instance:com.ontestautomation.restassured.datadriven.RestAssuredDataDrivenTests2@5dfcfece]" name="compoundMetricChec" duration-ms="58" started-at="2017-02-02T18:25:27Z" data-provider="metricsData" finished-at="2017-02-02T18:25:27Z">
          <params>
            <param index="0">
              <value>
                <![CDATA[cgitest_Good]]>
              </value>
            </param>
            <param index="1">
              <value>
                <![CDATA[8]]>
              </value>
            </param>
            <param index="2">
              <value>
                <![CDATA[CountNew]]>
              </value>
            </param>
            <param index="3">
              <value>
                <![CDATA[6.000000]]>
              </value>
            </param>
          </params>
          <reporter-output>
          </reporter-output>
        </test-method> <!-- compoundMetricChec -->
        <test-method status="PASS" signature="compoundMetricChec(java.lang.String, java.lang.String, java.lang.String, java.lang.String)[pri:0, instance:com.ontestautomation.restassured.datadriven.RestAssuredDataDrivenTests2@5dfcfece]" name="compoundMetricChec" duration-ms="53" started-at="2017-02-02T18:25:27Z" data-provider="metricsData" finished-at="2017-02-02T18:25:27Z">
          <params>
            <param index="0">
              <value>
                <![CDATA[cgitest_Good]]>
              </value>
            </param>
            <param index="1">
              <value>
                <![CDATA[9]]>
              </value>
            </param>
            <param index="2">
              <value>
                <![CDATA[CountNew]]>
              </value>
            </param>
            <param index="3">
              <value>
                <![CDATA[0.000000]]>
              </value>
            </param>
          </params>
          <reporter-output>
          </reporter-output>
        </test-method> <!-- compoundMetricChec -->
        <test-method status="PASS" signature="compoundMetricChec(java.lang.String, java.lang.String, java.lang.String, java.lang.String)[pri:0, instance:com.ontestautomation.restassured.datadriven.RestAssuredDataDrivenTests2@5dfcfece]" name="compoundMetricChec" duration-ms="56" started-at="2017-02-02T18:25:27Z" data-provider="metricsData" finished-at="2017-02-02T18:25:27Z">
          <params>
            <param index="0">
              <value>
                <![CDATA[cgitest_Good]]>
              </value>
            </param>
            <param index="1">
              <value>
                <![CDATA[10]]>
              </value>
            </param>
            <param index="2">
              <value>
                <![CDATA[CountNew]]>
              </value>
            </param>
            <param index="3">
              <value>
                <![CDATA[158.000000]]>
              </value>
            </param>
          </params>
          <reporter-output>
          </reporter-output>
        </test-method> <!-- compoundMetricChec -->
        <test-method status="PASS" signature="compoundMetricChec(java.lang.String, java.lang.String, java.lang.String, java.lang.String)[pri:0, instance:com.ontestautomation.restassured.datadriven.RestAssuredDataDrivenTests2@5dfcfece]" name="compoundMetricChec" duration-ms="59" started-at="2017-02-02T18:25:27Z" data-provider="metricsData" finished-at="2017-02-02T18:25:27Z">
          <params>
            <param index="0">
              <value>
                <![CDATA[cgitest_Good]]>
              </value>
            </param>
            <param index="1">
              <value>
                <![CDATA[11]]>
              </value>
            </param>
            <param index="2">
              <value>
                <![CDATA[CountNew]]>
              </value>
            </param>
            <param index="3">
              <value>
                <![CDATA[178.000000]]>
              </value>
            </param>
          </params>
          <reporter-output>
          </reporter-output>
        </test-method> <!-- compoundMetricChec -->
        <test-method status="PASS" signature="compoundMetricChec(java.lang.String, java.lang.String, java.lang.String, java.lang.String)[pri:0, instance:com.ontestautomation.restassured.datadriven.RestAssuredDataDrivenTests2@5dfcfece]" name="compoundMetricChec" duration-ms="54" started-at="2017-02-02T18:25:27Z" data-provider="metricsData" finished-at="2017-02-02T18:25:27Z">
          <params>
            <param index="0">
              <value>
                <![CDATA[cgitest_Good]]>
              </value>
            </param>
            <param index="1">
              <value>
                <![CDATA[12]]>
              </value>
            </param>
            <param index="2">
              <value>
                <![CDATA[CountNew]]>
              </value>
            </param>
            <param index="3">
              <value>
                <![CDATA[155.000000]]>
              </value>
            </param>
          </params>
          <reporter-output>
          </reporter-output>
        </test-method> <!-- compoundMetricChec -->
        <test-method status="PASS" signature="compoundMetricChec(java.lang.String, java.lang.String, java.lang.String, java.lang.String)[pri:0, instance:com.ontestautomation.restassured.datadriven.RestAssuredDataDrivenTests2@5dfcfece]" name="compoundMetricChec" duration-ms="55" started-at="2017-02-02T18:25:27Z" data-provider="metricsData" finished-at="2017-02-02T18:25:27Z">
          <params>
            <param index="0">
              <value>
                <![CDATA[cgitest_Good]]>
              </value>
            </param>
            <param index="1">
              <value>
                <![CDATA[13]]>
              </value>
            </param>
            <param index="2">
              <value>
                <![CDATA[CountNew]]>
              </value>
            </param>
            <param index="3">
              <value>
                <![CDATA[21.000000]]>
              </value>
            </param>
          </params>
          <reporter-output>
          </reporter-output>
        </test-method> <!-- compoundMetricChec -->
        <test-method status="PASS" signature="compoundMetricChec(java.lang.String, java.lang.String, java.lang.String, java.lang.String)[pri:0, instance:com.ontestautomation.restassured.datadriven.RestAssuredDataDrivenTests2@5dfcfece]" name="compoundMetricChec" duration-ms="54" started-at="2017-02-02T18:25:27Z" data-provider="metricsData" finished-at="2017-02-02T18:25:28Z">
          <params>
            <param index="0">
              <value>
                <![CDATA[cgitest_Good]]>
              </value>
            </param>
            <param index="1">
              <value>
                <![CDATA[14]]>
              </value>
            </param>
            <param index="2">
              <value>
                <![CDATA[CountNew]]>
              </value>
            </param>
            <param index="3">
              <value>
                <![CDATA[0.000000]]>
              </value>
            </param>
          </params>
          <reporter-output>
          </reporter-output>
        </test-method> <!-- compoundMetricChec -->
        <test-method status="PASS" signature="compoundMetricChec(java.lang.String, java.lang.String, java.lang.String, java.lang.String)[pri:0, instance:com.ontestautomation.restassured.datadriven.RestAssuredDataDrivenTests2@5dfcfece]" name="compoundMetricChec" duration-ms="52" started-at="2017-02-02T18:25:28Z" data-provider="metricsData" finished-at="2017-02-02T18:25:28Z">
          <params>
            <param index="0">
              <value>
                <![CDATA[cgitest_Good]]>
              </value>
            </param>
            <param index="1">
              <value>
                <![CDATA[15]]>
              </value>
            </param>
            <param index="2">
              <value>
                <![CDATA[CountNew]]>
              </value>
            </param>
            <param index="3">
              <value>
                <![CDATA[0.000000]]>
              </value>
            </param>
          </params>
          <reporter-output>
          </reporter-output>
        </test-method> <!-- compoundMetricChec -->
        <test-method status="PASS" signature="compoundMetricChec(java.lang.String, java.lang.String, java.lang.String, java.lang.String)[pri:0, instance:com.ontestautomation.restassured.datadriven.RestAssuredDataDrivenTests2@5dfcfece]" name="compoundMetricChec" duration-ms="73" started-at="2017-02-02T18:25:28Z" data-provider="metricsData" finished-at="2017-02-02T18:25:28Z">
          <params>
            <param index="0">
              <value>
                <![CDATA[cgitest_Good]]>
              </value>
            </param>
            <param index="1">
              <value>
                <![CDATA[16]]>
              </value>
            </param>
            <param index="2">
              <value>
                <![CDATA[CountNew]]>
              </value>
            </param>
            <param index="3">
              <value>
                <![CDATA[23.000000]]>
              </value>
            </param>
          </params>
          <reporter-output>
          </reporter-output>
        </test-method> <!-- compoundMetricChec -->
        <test-method status="PASS" signature="compoundMetricChec(java.lang.String, java.lang.String, java.lang.String, java.lang.String)[pri:0, instance:com.ontestautomation.restassured.datadriven.RestAssuredDataDrivenTests2@5dfcfece]" name="compoundMetricChec" duration-ms="52" started-at="2017-02-02T18:25:28Z" data-provider="metricsData" finished-at="2017-02-02T18:25:28Z">
          <params>
            <param index="0">
              <value>
                <![CDATA[cgitest_Good]]>
              </value>
            </param>
            <param index="1">
              <value>
                <![CDATA[17]]>
              </value>
            </param>
            <param index="2">
              <value>
                <![CDATA[CountNew]]>
              </value>
            </param>
            <param index="3">
              <value>
                <![CDATA[2.000000]]>
              </value>
            </param>
          </params>
          <reporter-output>
          </reporter-output>
        </test-method> <!-- compoundMetricChec -->
        <test-method status="PASS" signature="compoundMetricChec(java.lang.String, java.lang.String, java.lang.String, java.lang.String)[pri:0, instance:com.ontestautomation.restassured.datadriven.RestAssuredDataDrivenTests2@5dfcfece]" name="compoundMetricChec" duration-ms="53" started-at="2017-02-02T18:25:28Z" data-provider="metricsData" finished-at="2017-02-02T18:25:28Z">
          <params>
            <param index="0">
              <value>
                <![CDATA[cgitest_Good]]>
              </value>
            </param>
            <param index="1">
              <value>
                <![CDATA[18]]>
              </value>
            </param>
            <param index="2">
              <value>
                <![CDATA[CountNew]]>
              </value>
            </param>
            <param index="3">
              <value>
                <![CDATA[3.000000]]>
              </value>
            </param>
          </params>
          <reporter-output>
          </reporter-output>
        </test-method> <!-- compoundMetricChec -->
        <test-method status="PASS" signature="compoundMetricChec(java.lang.String, java.lang.String, java.lang.String, java.lang.String)[pri:0, instance:com.ontestautomation.restassured.datadriven.RestAssuredDataDrivenTests2@5dfcfece]" name="compoundMetricChec" duration-ms="50" started-at="2017-02-02T18:25:28Z" data-provider="metricsData" finished-at="2017-02-02T18:25:28Z">
          <params>
            <param index="0">
              <value>
                <![CDATA[cgitest_Good]]>
              </value>
            </param>
            <param index="1">
              <value>
                <![CDATA[19]]>
              </value>
            </param>
            <param index="2">
              <value>
                <![CDATA[CountNew]]>
              </value>
            </param>
            <param index="3">
              <value>
                <![CDATA[0.000000]]>
              </value>
            </param>
          </params>
          <reporter-output>
          </reporter-output>
        </test-method> <!-- compoundMetricChec -->
        <test-method status="PASS" signature="compoundMetricChec(java.lang.String, java.lang.String, java.lang.String, java.lang.String)[pri:0, instance:com.ontestautomation.restassured.datadriven.RestAssuredDataDrivenTests2@5dfcfece]" name="compoundMetricChec" duration-ms="53" started-at="2017-02-02T18:25:28Z" data-provider="metricsData" finished-at="2017-02-02T18:25:28Z">
          <params>
            <param index="0">
              <value>
                <![CDATA[cgitest_Good]]>
              </value>
            </param>
            <param index="1">
              <value>
                <![CDATA[20]]>
              </value>
            </param>
            <param index="2">
              <value>
                <![CDATA[CountNew]]>
              </value>
            </param>
            <param index="3">
              <value>
                <![CDATA[2.000000]]>
              </value>
            </param>
          </params>
          <reporter-output>
          </reporter-output>
        </test-method> <!-- compoundMetricChec -->
        <test-method status="PASS" signature="compoundMetricChec(java.lang.String, java.lang.String, java.lang.String, java.lang.String)[pri:0, instance:com.ontestautomation.restassured.datadriven.RestAssuredDataDrivenTests2@5dfcfece]" name="compoundMetricChec" duration-ms="53" started-at="2017-02-02T18:25:28Z" data-provider="metricsData" finished-at="2017-02-02T18:25:28Z">
          <params>
            <param index="0">
              <value>
                <![CDATA[cgitest_Fail]]>
              </value>
            </param>
            <param index="1">
              <value>
                <![CDATA[1]]>
              </value>
            </param>
            <param index="2">
              <value>
                <![CDATA[CountNew]]>
              </value>
            </param>
            <param index="3">
              <value>
                <![CDATA[286.000000]]>
              </value>
            </param>
          </params>
          <reporter-output>
          </reporter-output>
        </test-method> <!-- compoundMetricChec -->
        <test-method status="PASS" signature="compoundMetricChec(java.lang.String, java.lang.String, java.lang.String, java.lang.String)[pri:0, instance:com.ontestautomation.restassured.datadriven.RestAssuredDataDrivenTests2@5dfcfece]" name="compoundMetricChec" duration-ms="51" started-at="2017-02-02T18:25:28Z" data-provider="metricsData" finished-at="2017-02-02T18:25:28Z">
          <params>
            <param index="0">
              <value>
                <![CDATA[cgitest_Fail]]>
              </value>
            </param>
            <param index="1">
              <value>
                <![CDATA[2]]>
              </value>
            </param>
            <param index="2">
              <value>
                <![CDATA[CountNew]]>
              </value>
            </param>
            <param index="3">
              <value>
                <![CDATA[1012.000000]]>
              </value>
            </param>
          </params>
          <reporter-output>
          </reporter-output>
        </test-method> <!-- compoundMetricChec -->
        <test-method status="PASS" signature="compoundMetricChec(java.lang.String, java.lang.String, java.lang.String, java.lang.String)[pri:0, instance:com.ontestautomation.restassured.datadriven.RestAssuredDataDrivenTests2@5dfcfece]" name="compoundMetricChec" duration-ms="61" started-at="2017-02-02T18:25:28Z" data-provider="metricsData" finished-at="2017-02-02T18:25:28Z">
          <params>
            <param index="0">
              <value>
                <![CDATA[cgitest_Fail]]>
              </value>
            </param>
            <param index="1">
              <value>
                <![CDATA[3]]>
              </value>
            </param>
            <param index="2">
              <value>
                <![CDATA[CountNew]]>
              </value>
            </param>
            <param index="3">
              <value>
                <![CDATA[34.000000]]>
              </value>
            </param>
          </params>
          <reporter-output>
          </reporter-output>
        </test-method> <!-- compoundMetricChec -->
        <test-method status="PASS" signature="compoundMetricChec(java.lang.String, java.lang.String, java.lang.String, java.lang.String)[pri:0, instance:com.ontestautomation.restassured.datadriven.RestAssuredDataDrivenTests2@5dfcfece]" name="compoundMetricChec" duration-ms="56" started-at="2017-02-02T18:25:28Z" data-provider="metricsData" finished-at="2017-02-02T18:25:28Z">
          <params>
            <param index="0">
              <value>
                <![CDATA[cgitest_Fail]]>
              </value>
            </param>
            <param index="1">
              <value>
                <![CDATA[4]]>
              </value>
            </param>
            <param index="2">
              <value>
                <![CDATA[CountNew]]>
              </value>
            </param>
            <param index="3">
              <value>
                <![CDATA[109.000000]]>
              </value>
            </param>
          </params>
          <reporter-output>
          </reporter-output>
        </test-method> <!-- compoundMetricChec -->
        <test-method status="PASS" signature="compoundMetricChec(java.lang.String, java.lang.String, java.lang.String, java.lang.String)[pri:0, instance:com.ontestautomation.restassured.datadriven.RestAssuredDataDrivenTests2@5dfcfece]" name="compoundMetricChec" duration-ms="50" started-at="2017-02-02T18:25:28Z" data-provider="metricsData" finished-at="2017-02-02T18:25:28Z">
          <params>
            <param index="0">
              <value>
                <![CDATA[cgitest_Fail]]>
              </value>
            </param>
            <param index="1">
              <value>
                <![CDATA[5]]>
              </value>
            </param>
            <param index="2">
              <value>
                <![CDATA[CountNew]]>
              </value>
            </param>
            <param index="3">
              <value>
                <![CDATA[96.000000]]>
              </value>
            </param>
          </params>
          <reporter-output>
          </reporter-output>
        </test-method> <!-- compoundMetricChec -->
        <test-method status="PASS" signature="compoundMetricChec(java.lang.String, java.lang.String, java.lang.String, java.lang.String)[pri:0, instance:com.ontestautomation.restassured.datadriven.RestAssuredDataDrivenTests2@5dfcfece]" name="compoundMetricChec" duration-ms="54" started-at="2017-02-02T18:25:28Z" data-provider="metricsData" finished-at="2017-02-02T18:25:28Z">
          <params>
            <param index="0">
              <value>
                <![CDATA[cgitest_Fail]]>
              </value>
            </param>
            <param index="1">
              <value>
                <![CDATA[6]]>
              </value>
            </param>
            <param index="2">
              <value>
                <![CDATA[CountNew]]>
              </value>
            </param>
            <param index="3">
              <value>
                <![CDATA[2.000000]]>
              </value>
            </param>
          </params>
          <reporter-output>
          </reporter-output>
        </test-method> <!-- compoundMetricChec -->
        <test-method status="PASS" signature="compoundMetricChec(java.lang.String, java.lang.String, java.lang.String, java.lang.String)[pri:0, instance:com.ontestautomation.restassured.datadriven.RestAssuredDataDrivenTests2@5dfcfece]" name="compoundMetricChec" duration-ms="54" started-at="2017-02-02T18:25:28Z" data-provider="metricsData" finished-at="2017-02-02T18:25:28Z">
          <params>
            <param index="0">
              <value>
                <![CDATA[cgitest_Fail]]>
              </value>
            </param>
            <param index="1">
              <value>
                <![CDATA[7]]>
              </value>
            </param>
            <param index="2">
              <value>
                <![CDATA[CountNew]]>
              </value>
            </param>
            <param index="3">
              <value>
                <![CDATA[0.000000]]>
              </value>
            </param>
          </params>
          <reporter-output>
          </reporter-output>
        </test-method> <!-- compoundMetricChec -->
        <test-method status="PASS" signature="compoundMetricChec(java.lang.String, java.lang.String, java.lang.String, java.lang.String)[pri:0, instance:com.ontestautomation.restassured.datadriven.RestAssuredDataDrivenTests2@5dfcfece]" name="compoundMetricChec" duration-ms="49" started-at="2017-02-02T18:25:28Z" data-provider="metricsData" finished-at="2017-02-02T18:25:28Z">
          <params>
            <param index="0">
              <value>
                <![CDATA[cgitest_Fail]]>
              </value>
            </param>
            <param index="1">
              <value>
                <![CDATA[8]]>
              </value>
            </param>
            <param index="2">
              <value>
                <![CDATA[CountNew]]>
              </value>
            </param>
            <param index="3">
              <value>
                <![CDATA[6.000000]]>
              </value>
            </param>
          </params>
          <reporter-output>
          </reporter-output>
        </test-method> <!-- compoundMetricChec -->
        <test-method status="PASS" signature="compoundMetricChec(java.lang.String, java.lang.String, java.lang.String, java.lang.String)[pri:0, instance:com.ontestautomation.restassured.datadriven.RestAssuredDataDrivenTests2@5dfcfece]" name="compoundMetricChec" duration-ms="49" started-at="2017-02-02T18:25:28Z" data-provider="metricsData" finished-at="2017-02-02T18:25:28Z">
          <params>
            <param index="0">
              <value>
                <![CDATA[cgitest_Fail]]>
              </value>
            </param>
            <param index="1">
              <value>
                <![CDATA[9]]>
              </value>
            </param>
            <param index="2">
              <value>
                <![CDATA[CountNew]]>
              </value>
            </param>
            <param index="3">
              <value>
                <![CDATA[0.000000]]>
              </value>
            </param>
          </params>
          <reporter-output>
          </reporter-output>
        </test-method> <!-- compoundMetricChec -->
        <test-method status="PASS" signature="compoundMetricChec(java.lang.String, java.lang.String, java.lang.String, java.lang.String)[pri:0, instance:com.ontestautomation.restassured.datadriven.RestAssuredDataDrivenTests2@5dfcfece]" name="compoundMetricChec" duration-ms="49" started-at="2017-02-02T18:25:28Z" data-provider="metricsData" finished-at="2017-02-02T18:25:28Z">
          <params>
            <param index="0">
              <value>
                <![CDATA[cgitest_Fail]]>
              </value>
            </param>
            <param index="1">
              <value>
                <![CDATA[10]]>
              </value>
            </param>
            <param index="2">
              <value>
                <![CDATA[CountNew]]>
              </value>
            </param>
            <param index="3">
              <value>
                <![CDATA[158.000000]]>
              </value>
            </param>
          </params>
          <reporter-output>
          </reporter-output>
        </test-method> <!-- compoundMetricChec -->
        <test-method status="PASS" signature="compoundMetricChec(java.lang.String, java.lang.String, java.lang.String, java.lang.String)[pri:0, instance:com.ontestautomation.restassured.datadriven.RestAssuredDataDrivenTests2@5dfcfece]" name="compoundMetricChec" duration-ms="49" started-at="2017-02-02T18:25:28Z" data-provider="metricsData" finished-at="2017-02-02T18:25:28Z">
          <params>
            <param index="0">
              <value>
                <![CDATA[cgitest_Fail]]>
              </value>
            </param>
            <param index="1">
              <value>
                <![CDATA[11]]>
              </value>
            </param>
            <param index="2">
              <value>
                <![CDATA[CountNew]]>
              </value>
            </param>
            <param index="3">
              <value>
                <![CDATA[178.000000]]>
              </value>
            </param>
          </params>
          <reporter-output>
          </reporter-output>
        </test-method> <!-- compoundMetricChec -->
        <test-method status="PASS" signature="compoundMetricChec(java.lang.String, java.lang.String, java.lang.String, java.lang.String)[pri:0, instance:com.ontestautomation.restassured.datadriven.RestAssuredDataDrivenTests2@5dfcfece]" name="compoundMetricChec" duration-ms="50" started-at="2017-02-02T18:25:28Z" data-provider="metricsData" finished-at="2017-02-02T18:25:28Z">
          <params>
            <param index="0">
              <value>
                <![CDATA[cgitest_Fail]]>
              </value>
            </param>
            <param index="1">
              <value>
                <![CDATA[12]]>
              </value>
            </param>
            <param index="2">
              <value>
                <![CDATA[CountNew]]>
              </value>
            </param>
            <param index="3">
              <value>
                <![CDATA[155.000000]]>
              </value>
            </param>
          </params>
          <reporter-output>
          </reporter-output>
        </test-method> <!-- compoundMetricChec -->
        <test-method status="PASS" signature="compoundMetricChec(java.lang.String, java.lang.String, java.lang.String, java.lang.String)[pri:0, instance:com.ontestautomation.restassured.datadriven.RestAssuredDataDrivenTests2@5dfcfece]" name="compoundMetricChec" duration-ms="48" started-at="2017-02-02T18:25:28Z" data-provider="metricsData" finished-at="2017-02-02T18:25:29Z">
          <params>
            <param index="0">
              <value>
                <![CDATA[cgitest_Fail]]>
              </value>
            </param>
            <param index="1">
              <value>
                <![CDATA[13]]>
              </value>
            </param>
            <param index="2">
              <value>
                <![CDATA[CountNew]]>
              </value>
            </param>
            <param index="3">
              <value>
                <![CDATA[21.000000]]>
              </value>
            </param>
          </params>
          <reporter-output>
          </reporter-output>
        </test-method> <!-- compoundMetricChec -->
        <test-method status="PASS" signature="compoundMetricChec(java.lang.String, java.lang.String, java.lang.String, java.lang.String)[pri:0, instance:com.ontestautomation.restassured.datadriven.RestAssuredDataDrivenTests2@5dfcfece]" name="compoundMetricChec" duration-ms="47" started-at="2017-02-02T18:25:29Z" data-provider="metricsData" finished-at="2017-02-02T18:25:29Z">
          <params>
            <param index="0">
              <value>
                <![CDATA[cgitest_Fail]]>
              </value>
            </param>
            <param index="1">
              <value>
                <![CDATA[14]]>
              </value>
            </param>
            <param index="2">
              <value>
                <![CDATA[CountNew]]>
              </value>
            </param>
            <param index="3">
              <value>
                <![CDATA[0.000000]]>
              </value>
            </param>
          </params>
          <reporter-output>
          </reporter-output>
        </test-method> <!-- compoundMetricChec -->
        <test-method status="PASS" signature="compoundMetricChec(java.lang.String, java.lang.String, java.lang.String, java.lang.String)[pri:0, instance:com.ontestautomation.restassured.datadriven.RestAssuredDataDrivenTests2@5dfcfece]" name="compoundMetricChec" duration-ms="51" started-at="2017-02-02T18:25:29Z" data-provider="metricsData" finished-at="2017-02-02T18:25:29Z">
          <params>
            <param index="0">
              <value>
                <![CDATA[cgitest_Fail]]>
              </value>
            </param>
            <param index="1">
              <value>
                <![CDATA[15]]>
              </value>
            </param>
            <param index="2">
              <value>
                <![CDATA[CountNew]]>
              </value>
            </param>
            <param index="3">
              <value>
                <![CDATA[0.000000]]>
              </value>
            </param>
          </params>
          <reporter-output>
          </reporter-output>
        </test-method> <!-- compoundMetricChec -->
        <test-method status="PASS" signature="compoundMetricChec(java.lang.String, java.lang.String, java.lang.String, java.lang.String)[pri:0, instance:com.ontestautomation.restassured.datadriven.RestAssuredDataDrivenTests2@5dfcfece]" name="compoundMetricChec" duration-ms="49" started-at="2017-02-02T18:25:29Z" data-provider="metricsData" finished-at="2017-02-02T18:25:29Z">
          <params>
            <param index="0">
              <value>
                <![CDATA[cgitest_Fail]]>
              </value>
            </param>
            <param index="1">
              <value>
                <![CDATA[16]]>
              </value>
            </param>
            <param index="2">
              <value>
                <![CDATA[CountNew]]>
              </value>
            </param>
            <param index="3">
              <value>
                <![CDATA[23.000000]]>
              </value>
            </param>
          </params>
          <reporter-output>
          </reporter-output>
        </test-method> <!-- compoundMetricChec -->
        <test-method status="PASS" signature="compoundMetricChec(java.lang.String, java.lang.String, java.lang.String, java.lang.String)[pri:0, instance:com.ontestautomation.restassured.datadriven.RestAssuredDataDrivenTests2@5dfcfece]" name="compoundMetricChec" duration-ms="49" started-at="2017-02-02T18:25:29Z" data-provider="metricsData" finished-at="2017-02-02T18:25:29Z">
          <params>
            <param index="0">
              <value>
                <![CDATA[cgitest_Fail]]>
              </value>
            </param>
            <param index="1">
              <value>
                <![CDATA[17]]>
              </value>
            </param>
            <param index="2">
              <value>
                <![CDATA[CountNew]]>
              </value>
            </param>
            <param index="3">
              <value>
                <![CDATA[2.000000]]>
              </value>
            </param>
          </params>
          <reporter-output>
          </reporter-output>
        </test-method> <!-- compoundMetricChec -->
        <test-method status="PASS" signature="compoundMetricChec(java.lang.String, java.lang.String, java.lang.String, java.lang.String)[pri:0, instance:com.ontestautomation.restassured.datadriven.RestAssuredDataDrivenTests2@5dfcfece]" name="compoundMetricChec" duration-ms="49" started-at="2017-02-02T18:25:29Z" data-provider="metricsData" finished-at="2017-02-02T18:25:29Z">
          <params>
            <param index="0">
              <value>
                <![CDATA[cgitest_Fail]]>
              </value>
            </param>
            <param index="1">
              <value>
                <![CDATA[18]]>
              </value>
            </param>
            <param index="2">
              <value>
                <![CDATA[CountNew]]>
              </value>
            </param>
            <param index="3">
              <value>
                <![CDATA[3.000000]]>
              </value>
            </param>
          </params>
          <reporter-output>
          </reporter-output>
        </test-method> <!-- compoundMetricChec -->
        <test-method status="PASS" signature="compoundMetricChec(java.lang.String, java.lang.String, java.lang.String, java.lang.String)[pri:0, instance:com.ontestautomation.restassured.datadriven.RestAssuredDataDrivenTests2@5dfcfece]" name="compoundMetricChec" duration-ms="52" started-at="2017-02-02T18:25:29Z" data-provider="metricsData" finished-at="2017-02-02T18:25:29Z">
          <params>
            <param index="0">
              <value>
                <![CDATA[cgitest_Fail]]>
              </value>
            </param>
            <param index="1">
              <value>
                <![CDATA[19]]>
              </value>
            </param>
            <param index="2">
              <value>
                <![CDATA[CountNew]]>
              </value>
            </param>
            <param index="3">
              <value>
                <![CDATA[0.000000]]>
              </value>
            </param>
          </params>
          <reporter-output>
          </reporter-output>
        </test-method> <!-- compoundMetricChec -->
        <test-method status="PASS" signature="compoundMetricChec(java.lang.String, java.lang.String, java.lang.String, java.lang.String)[pri:0, instance:com.ontestautomation.restassured.datadriven.RestAssuredDataDrivenTests2@5dfcfece]" name="compoundMetricChec" duration-ms="52" started-at="2017-02-02T18:25:29Z" data-provider="metricsData" finished-at="2017-02-02T18:25:29Z">
          <params>
            <param index="0">
              <value>
                <![CDATA[cgitest_Fail]]>
              </value>
            </param>
            <param index="1">
              <value>
                <![CDATA[20]]>
              </value>
            </param>
            <param index="2">
              <value>
                <![CDATA[CountNew]]>
              </value>
            </param>
            <param index="3">
              <value>
                <![CDATA[2.000000]]>
              </value>
            </param>
          </params>
          <reporter-output>
          </reporter-output>
        </test-method> <!-- compoundMetricChec -->
        <test-method status="PASS" signature="compoundMetricChec(java.lang.String, java.lang.String, java.lang.String, java.lang.String)[pri:0, instance:com.ontestautomation.restassured.datadriven.RestAssuredDataDrivenTests2@5dfcfece]" name="compoundMetricChec" duration-ms="49" started-at="2017-02-02T18:25:29Z" data-provider="metricsData" finished-at="2017-02-02T18:25:29Z">
          <params>
            <param index="0">
              <value>
                <![CDATA[cgitest_Only]]>
              </value>
            </param>
            <param index="1">
              <value>
                <![CDATA[1]]>
              </value>
            </param>
            <param index="2">
              <value>
                <![CDATA[CountNew]]>
              </value>
            </param>
            <param index="3">
              <value>
                <![CDATA[286.000000]]>
              </value>
            </param>
          </params>
          <reporter-output>
          </reporter-output>
        </test-method> <!-- compoundMetricChec -->
        <test-method status="PASS" signature="compoundMetricChec(java.lang.String, java.lang.String, java.lang.String, java.lang.String)[pri:0, instance:com.ontestautomation.restassured.datadriven.RestAssuredDataDrivenTests2@5dfcfece]" name="compoundMetricChec" duration-ms="50" started-at="2017-02-02T18:25:29Z" data-provider="metricsData" finished-at="2017-02-02T18:25:29Z">
          <params>
            <param index="0">
              <value>
                <![CDATA[cgitest_Only]]>
              </value>
            </param>
            <param index="1">
              <value>
                <![CDATA[2]]>
              </value>
            </param>
            <param index="2">
              <value>
                <![CDATA[CountNew]]>
              </value>
            </param>
            <param index="3">
              <value>
                <![CDATA[1012.000000]]>
              </value>
            </param>
          </params>
          <reporter-output>
          </reporter-output>
        </test-method> <!-- compoundMetricChec -->
        <test-method status="PASS" signature="compoundMetricChec(java.lang.String, java.lang.String, java.lang.String, java.lang.String)[pri:0, instance:com.ontestautomation.restassured.datadriven.RestAssuredDataDrivenTests2@5dfcfece]" name="compoundMetricChec" duration-ms="53" started-at="2017-02-02T18:25:29Z" data-provider="metricsData" finished-at="2017-02-02T18:25:29Z">
          <params>
            <param index="0">
              <value>
                <![CDATA[cgitest_Only]]>
              </value>
            </param>
            <param index="1">
              <value>
                <![CDATA[3]]>
              </value>
            </param>
            <param index="2">
              <value>
                <![CDATA[CountNew]]>
              </value>
            </param>
            <param index="3">
              <value>
                <![CDATA[34.000000]]>
              </value>
            </param>
          </params>
          <reporter-output>
          </reporter-output>
        </test-method> <!-- compoundMetricChec -->
        <test-method status="PASS" signature="compoundMetricChec(java.lang.String, java.lang.String, java.lang.String, java.lang.String)[pri:0, instance:com.ontestautomation.restassured.datadriven.RestAssuredDataDrivenTests2@5dfcfece]" name="compoundMetricChec" duration-ms="48" started-at="2017-02-02T18:25:29Z" data-provider="metricsData" finished-at="2017-02-02T18:25:29Z">
          <params>
            <param index="0">
              <value>
                <![CDATA[cgitest_Only]]>
              </value>
            </param>
            <param index="1">
              <value>
                <![CDATA[4]]>
              </value>
            </param>
            <param index="2">
              <value>
                <![CDATA[CountNew]]>
              </value>
            </param>
            <param index="3">
              <value>
                <![CDATA[109.000000]]>
              </value>
            </param>
          </params>
          <reporter-output>
          </reporter-output>
        </test-method> <!-- compoundMetricChec -->
        <test-method status="PASS" signature="compoundMetricChec(java.lang.String, java.lang.String, java.lang.String, java.lang.String)[pri:0, instance:com.ontestautomation.restassured.datadriven.RestAssuredDataDrivenTests2@5dfcfece]" name="compoundMetricChec" duration-ms="47" started-at="2017-02-02T18:25:29Z" data-provider="metricsData" finished-at="2017-02-02T18:25:29Z">
          <params>
            <param index="0">
              <value>
                <![CDATA[cgitest_Only]]>
              </value>
            </param>
            <param index="1">
              <value>
                <![CDATA[5]]>
              </value>
            </param>
            <param index="2">
              <value>
                <![CDATA[CountNew]]>
              </value>
            </param>
            <param index="3">
              <value>
                <![CDATA[96.000000]]>
              </value>
            </param>
          </params>
          <reporter-output>
          </reporter-output>
        </test-method> <!-- compoundMetricChec -->
        <test-method status="PASS" signature="compoundMetricChec(java.lang.String, java.lang.String, java.lang.String, java.lang.String)[pri:0, instance:com.ontestautomation.restassured.datadriven.RestAssuredDataDrivenTests2@5dfcfece]" name="compoundMetricChec" duration-ms="50" started-at="2017-02-02T18:25:29Z" data-provider="metricsData" finished-at="2017-02-02T18:25:29Z">
          <params>
            <param index="0">
              <value>
                <![CDATA[cgitest_Only]]>
              </value>
            </param>
            <param index="1">
              <value>
                <![CDATA[6]]>
              </value>
            </param>
            <param index="2">
              <value>
                <![CDATA[CountNew]]>
              </value>
            </param>
            <param index="3">
              <value>
                <![CDATA[2.000000]]>
              </value>
            </param>
          </params>
          <reporter-output>
          </reporter-output>
        </test-method> <!-- compoundMetricChec -->
        <test-method status="PASS" signature="compoundMetricChec(java.lang.String, java.lang.String, java.lang.String, java.lang.String)[pri:0, instance:com.ontestautomation.restassured.datadriven.RestAssuredDataDrivenTests2@5dfcfece]" name="compoundMetricChec" duration-ms="49" started-at="2017-02-02T18:25:29Z" data-provider="metricsData" finished-at="2017-02-02T18:25:29Z">
          <params>
            <param index="0">
              <value>
                <![CDATA[cgitest_Only]]>
              </value>
            </param>
            <param index="1">
              <value>
                <![CDATA[7]]>
              </value>
            </param>
            <param index="2">
              <value>
                <![CDATA[CountNew]]>
              </value>
            </param>
            <param index="3">
              <value>
                <![CDATA[0.000000]]>
              </value>
            </param>
          </params>
          <reporter-output>
          </reporter-output>
        </test-method> <!-- compoundMetricChec -->
        <test-method status="PASS" signature="compoundMetricChec(java.lang.String, java.lang.String, java.lang.String, java.lang.String)[pri:0, instance:com.ontestautomation.restassured.datadriven.RestAssuredDataDrivenTests2@5dfcfece]" name="compoundMetricChec" duration-ms="49" started-at="2017-02-02T18:25:29Z" data-provider="metricsData" finished-at="2017-02-02T18:25:29Z">
          <params>
            <param index="0">
              <value>
                <![CDATA[cgitest_Only]]>
              </value>
            </param>
            <param index="1">
              <value>
                <![CDATA[8]]>
              </value>
            </param>
            <param index="2">
              <value>
                <![CDATA[CountNew]]>
              </value>
            </param>
            <param index="3">
              <value>
                <![CDATA[6.000000]]>
              </value>
            </param>
          </params>
          <reporter-output>
          </reporter-output>
        </test-method> <!-- compoundMetricChec -->
        <test-method status="PASS" signature="compoundMetricChec(java.lang.String, java.lang.String, java.lang.String, java.lang.String)[pri:0, instance:com.ontestautomation.restassured.datadriven.RestAssuredDataDrivenTests2@5dfcfece]" name="compoundMetricChec" duration-ms="48" started-at="2017-02-02T18:25:29Z" data-provider="metricsData" finished-at="2017-02-02T18:25:29Z">
          <params>
            <param index="0">
              <value>
                <![CDATA[cgitest_Only]]>
              </value>
            </param>
            <param index="1">
              <value>
                <![CDATA[9]]>
              </value>
            </param>
            <param index="2">
              <value>
                <![CDATA[CountNew]]>
              </value>
            </param>
            <param index="3">
              <value>
                <![CDATA[0.000000]]>
              </value>
            </param>
          </params>
          <reporter-output>
          </reporter-output>
        </test-method> <!-- compoundMetricChec -->
        <test-method status="PASS" signature="compoundMetricChec(java.lang.String, java.lang.String, java.lang.String, java.lang.String)[pri:0, instance:com.ontestautomation.restassured.datadriven.RestAssuredDataDrivenTests2@5dfcfece]" name="compoundMetricChec" duration-ms="48" started-at="2017-02-02T18:25:29Z" data-provider="metricsData" finished-at="2017-02-02T18:25:29Z">
          <params>
            <param index="0">
              <value>
                <![CDATA[cgitest_Only]]>
              </value>
            </param>
            <param index="1">
              <value>
                <![CDATA[10]]>
              </value>
            </param>
            <param index="2">
              <value>
                <![CDATA[CountNew]]>
              </value>
            </param>
            <param index="3">
              <value>
                <![CDATA[158.000000]]>
              </value>
            </param>
          </params>
          <reporter-output>
          </reporter-output>
        </test-method> <!-- compoundMetricChec -->
        <test-method status="PASS" signature="compoundMetricChec(java.lang.String, java.lang.String, java.lang.String, java.lang.String)[pri:0, instance:com.ontestautomation.restassured.datadriven.RestAssuredDataDrivenTests2@5dfcfece]" name="compoundMetricChec" duration-ms="58" started-at="2017-02-02T18:25:29Z" data-provider="metricsData" finished-at="2017-02-02T18:25:29Z">
          <params>
            <param index="0">
              <value>
                <![CDATA[cgitest_Only]]>
              </value>
            </param>
            <param index="1">
              <value>
                <![CDATA[11]]>
              </value>
            </param>
            <param index="2">
              <value>
                <![CDATA[CountNew]]>
              </value>
            </param>
            <param index="3">
              <value>
                <![CDATA[178.000000]]>
              </value>
            </param>
          </params>
          <reporter-output>
          </reporter-output>
        </test-method> <!-- compoundMetricChec -->
        <test-method status="PASS" signature="compoundMetricChec(java.lang.String, java.lang.String, java.lang.String, java.lang.String)[pri:0, instance:com.ontestautomation.restassured.datadriven.RestAssuredDataDrivenTests2@5dfcfece]" name="compoundMetricChec" duration-ms="52" started-at="2017-02-02T18:25:29Z" data-provider="metricsData" finished-at="2017-02-02T18:25:29Z">
          <params>
            <param index="0">
              <value>
                <![CDATA[cgitest_Only]]>
              </value>
            </param>
            <param index="1">
              <value>
                <![CDATA[12]]>
              </value>
            </param>
            <param index="2">
              <value>
                <![CDATA[CountNew]]>
              </value>
            </param>
            <param index="3">
              <value>
                <![CDATA[155.000000]]>
              </value>
            </param>
          </params>
          <reporter-output>
          </reporter-output>
        </test-method> <!-- compoundMetricChec -->
        <test-method status="PASS" signature="compoundMetricChec(java.lang.String, java.lang.String, java.lang.String, java.lang.String)[pri:0, instance:com.ontestautomation.restassured.datadriven.RestAssuredDataDrivenTests2@5dfcfece]" name="compoundMetricChec" duration-ms="48" started-at="2017-02-02T18:25:29Z" data-provider="metricsData" finished-at="2017-02-02T18:25:30Z">
          <params>
            <param index="0">
              <value>
                <![CDATA[cgitest_Only]]>
              </value>
            </param>
            <param index="1">
              <value>
                <![CDATA[13]]>
              </value>
            </param>
            <param index="2">
              <value>
                <![CDATA[CountNew]]>
              </value>
            </param>
            <param index="3">
              <value>
                <![CDATA[21.000000]]>
              </value>
            </param>
          </params>
          <reporter-output>
          </reporter-output>
        </test-method> <!-- compoundMetricChec -->
        <test-method status="PASS" signature="compoundMetricChec(java.lang.String, java.lang.String, java.lang.String, java.lang.String)[pri:0, instance:com.ontestautomation.restassured.datadriven.RestAssuredDataDrivenTests2@5dfcfece]" name="compoundMetricChec" duration-ms="49" started-at="2017-02-02T18:25:30Z" data-provider="metricsData" finished-at="2017-02-02T18:25:30Z">
          <params>
            <param index="0">
              <value>
                <![CDATA[cgitest_Only]]>
              </value>
            </param>
            <param index="1">
              <value>
                <![CDATA[14]]>
              </value>
            </param>
            <param index="2">
              <value>
                <![CDATA[CountNew]]>
              </value>
            </param>
            <param index="3">
              <value>
                <![CDATA[0.000000]]>
              </value>
            </param>
          </params>
          <reporter-output>
          </reporter-output>
        </test-method> <!-- compoundMetricChec -->
        <test-method status="PASS" signature="compoundMetricChec(java.lang.String, java.lang.String, java.lang.String, java.lang.String)[pri:0, instance:com.ontestautomation.restassured.datadriven.RestAssuredDataDrivenTests2@5dfcfece]" name="compoundMetricChec" duration-ms="50" started-at="2017-02-02T18:25:30Z" data-provider="metricsData" finished-at="2017-02-02T18:25:30Z">
          <params>
            <param index="0">
              <value>
                <![CDATA[cgitest_Only]]>
              </value>
            </param>
            <param index="1">
              <value>
                <![CDATA[15]]>
              </value>
            </param>
            <param index="2">
              <value>
                <![CDATA[CountNew]]>
              </value>
            </param>
            <param index="3">
              <value>
                <![CDATA[0.000000]]>
              </value>
            </param>
          </params>
          <reporter-output>
          </reporter-output>
        </test-method> <!-- compoundMetricChec -->
        <test-method status="PASS" signature="compoundMetricChec(java.lang.String, java.lang.String, java.lang.String, java.lang.String)[pri:0, instance:com.ontestautomation.restassured.datadriven.RestAssuredDataDrivenTests2@5dfcfece]" name="compoundMetricChec" duration-ms="48" started-at="2017-02-02T18:25:30Z" data-provider="metricsData" finished-at="2017-02-02T18:25:30Z">
          <params>
            <param index="0">
              <value>
                <![CDATA[cgitest_Only]]>
              </value>
            </param>
            <param index="1">
              <value>
                <![CDATA[16]]>
              </value>
            </param>
            <param index="2">
              <value>
                <![CDATA[CountNew]]>
              </value>
            </param>
            <param index="3">
              <value>
                <![CDATA[23.000000]]>
              </value>
            </param>
          </params>
          <reporter-output>
          </reporter-output>
        </test-method> <!-- compoundMetricChec -->
        <test-method status="PASS" signature="compoundMetricChec(java.lang.String, java.lang.String, java.lang.String, java.lang.String)[pri:0, instance:com.ontestautomation.restassured.datadriven.RestAssuredDataDrivenTests2@5dfcfece]" name="compoundMetricChec" duration-ms="49" started-at="2017-02-02T18:25:30Z" data-provider="metricsData" finished-at="2017-02-02T18:25:30Z">
          <params>
            <param index="0">
              <value>
                <![CDATA[cgitest_Only]]>
              </value>
            </param>
            <param index="1">
              <value>
                <![CDATA[17]]>
              </value>
            </param>
            <param index="2">
              <value>
                <![CDATA[CountNew]]>
              </value>
            </param>
            <param index="3">
              <value>
                <![CDATA[2.000000]]>
              </value>
            </param>
          </params>
          <reporter-output>
          </reporter-output>
        </test-method> <!-- compoundMetricChec -->
        <test-method status="PASS" signature="compoundMetricChec(java.lang.String, java.lang.String, java.lang.String, java.lang.String)[pri:0, instance:com.ontestautomation.restassured.datadriven.RestAssuredDataDrivenTests2@5dfcfece]" name="compoundMetricChec" duration-ms="47" started-at="2017-02-02T18:25:30Z" data-provider="metricsData" finished-at="2017-02-02T18:25:30Z">
          <params>
            <param index="0">
              <value>
                <![CDATA[cgitest_Only]]>
              </value>
            </param>
            <param index="1">
              <value>
                <![CDATA[18]]>
              </value>
            </param>
            <param index="2">
              <value>
                <![CDATA[CountNew]]>
              </value>
            </param>
            <param index="3">
              <value>
                <![CDATA[3.000000]]>
              </value>
            </param>
          </params>
          <reporter-output>
          </reporter-output>
        </test-method> <!-- compoundMetricChec -->
        <test-method status="PASS" signature="compoundMetricChec(java.lang.String, java.lang.String, java.lang.String, java.lang.String)[pri:0, instance:com.ontestautomation.restassured.datadriven.RestAssuredDataDrivenTests2@5dfcfece]" name="compoundMetricChec" duration-ms="47" started-at="2017-02-02T18:25:30Z" data-provider="metricsData" finished-at="2017-02-02T18:25:30Z">
          <params>
            <param index="0">
              <value>
                <![CDATA[cgitest_Only]]>
              </value>
            </param>
            <param index="1">
              <value>
                <![CDATA[19]]>
              </value>
            </param>
            <param index="2">
              <value>
                <![CDATA[CountNew]]>
              </value>
            </param>
            <param index="3">
              <value>
                <![CDATA[0.000000]]>
              </value>
            </param>
          </params>
          <reporter-output>
          </reporter-output>
        </test-method> <!-- compoundMetricChec -->
        <test-method status="PASS" signature="compoundMetricChec(java.lang.String, java.lang.String, java.lang.String, java.lang.String)[pri:0, instance:com.ontestautomation.restassured.datadriven.RestAssuredDataDrivenTests2@5dfcfece]" name="compoundMetricChec" duration-ms="49" started-at="2017-02-02T18:25:30Z" data-provider="metricsData" finished-at="2017-02-02T18:25:30Z">
          <params>
            <param index="0">
              <value>
                <![CDATA[cgitest_Only]]>
              </value>
            </param>
            <param index="1">
              <value>
                <![CDATA[20]]>
              </value>
            </param>
            <param index="2">
              <value>
                <![CDATA[CountNew]]>
              </value>
            </param>
            <param index="3">
              <value>
                <![CDATA[2.000000]]>
              </value>
            </param>
          </params>
          <reporter-output>
          </reporter-output>
        </test-method> <!-- compoundMetricChec -->
        <test-method status="PASS" signature="compoundMetricChec(java.lang.String, java.lang.String, java.lang.String, java.lang.String)[pri:0, instance:com.ontestautomation.restassured.datadriven.RestAssuredDataDrivenTests2@5dfcfece]" name="compoundMetricChec" duration-ms="49" started-at="2017-02-02T18:25:30Z" data-provider="metricsData" finished-at="2017-02-02T18:25:30Z">
          <params>
            <param index="0">
              <value>
                <![CDATA[cgitest_Src]]>
              </value>
            </param>
            <param index="1">
              <value>
                <![CDATA[1]]>
              </value>
            </param>
            <param index="2">
              <value>
                <![CDATA[CountNew]]>
              </value>
            </param>
            <param index="3">
              <value>
                <![CDATA[286.000000]]>
              </value>
            </param>
          </params>
          <reporter-output>
          </reporter-output>
        </test-method> <!-- compoundMetricChec -->
        <test-method status="PASS" signature="compoundMetricChec(java.lang.String, java.lang.String, java.lang.String, java.lang.String)[pri:0, instance:com.ontestautomation.restassured.datadriven.RestAssuredDataDrivenTests2@5dfcfece]" name="compoundMetricChec" duration-ms="50" started-at="2017-02-02T18:25:30Z" data-provider="metricsData" finished-at="2017-02-02T18:25:30Z">
          <params>
            <param index="0">
              <value>
                <![CDATA[cgitest_Src]]>
              </value>
            </param>
            <param index="1">
              <value>
                <![CDATA[2]]>
              </value>
            </param>
            <param index="2">
              <value>
                <![CDATA[CountNew]]>
              </value>
            </param>
            <param index="3">
              <value>
                <![CDATA[1012.000000]]>
              </value>
            </param>
          </params>
          <reporter-output>
          </reporter-output>
        </test-method> <!-- compoundMetricChec -->
        <test-method status="PASS" signature="compoundMetricChec(java.lang.String, java.lang.String, java.lang.String, java.lang.String)[pri:0, instance:com.ontestautomation.restassured.datadriven.RestAssuredDataDrivenTests2@5dfcfece]" name="compoundMetricChec" duration-ms="47" started-at="2017-02-02T18:25:30Z" data-provider="metricsData" finished-at="2017-02-02T18:25:30Z">
          <params>
            <param index="0">
              <value>
                <![CDATA[cgitest_Src]]>
              </value>
            </param>
            <param index="1">
              <value>
                <![CDATA[3]]>
              </value>
            </param>
            <param index="2">
              <value>
                <![CDATA[CountNew]]>
              </value>
            </param>
            <param index="3">
              <value>
                <![CDATA[34.000000]]>
              </value>
            </param>
          </params>
          <reporter-output>
          </reporter-output>
        </test-method> <!-- compoundMetricChec -->
        <test-method status="PASS" signature="compoundMetricChec(java.lang.String, java.lang.String, java.lang.String, java.lang.String)[pri:0, instance:com.ontestautomation.restassured.datadriven.RestAssuredDataDrivenTests2@5dfcfece]" name="compoundMetricChec" duration-ms="50" started-at="2017-02-02T18:25:30Z" data-provider="metricsData" finished-at="2017-02-02T18:25:30Z">
          <params>
            <param index="0">
              <value>
                <![CDATA[cgitest_Src]]>
              </value>
            </param>
            <param index="1">
              <value>
                <![CDATA[4]]>
              </value>
            </param>
            <param index="2">
              <value>
                <![CDATA[CountNew]]>
              </value>
            </param>
            <param index="3">
              <value>
                <![CDATA[109.000000]]>
              </value>
            </param>
          </params>
          <reporter-output>
          </reporter-output>
        </test-method> <!-- compoundMetricChec -->
        <test-method status="PASS" signature="compoundMetricChec(java.lang.String, java.lang.String, java.lang.String, java.lang.String)[pri:0, instance:com.ontestautomation.restassured.datadriven.RestAssuredDataDrivenTests2@5dfcfece]" name="compoundMetricChec" duration-ms="48" started-at="2017-02-02T18:25:30Z" data-provider="metricsData" finished-at="2017-02-02T18:25:30Z">
          <params>
            <param index="0">
              <value>
                <![CDATA[cgitest_Src]]>
              </value>
            </param>
            <param index="1">
              <value>
                <![CDATA[5]]>
              </value>
            </param>
            <param index="2">
              <value>
                <![CDATA[CountNew]]>
              </value>
            </param>
            <param index="3">
              <value>
                <![CDATA[96.000000]]>
              </value>
            </param>
          </params>
          <reporter-output>
          </reporter-output>
        </test-method> <!-- compoundMetricChec -->
        <test-method status="PASS" signature="compoundMetricChec(java.lang.String, java.lang.String, java.lang.String, java.lang.String)[pri:0, instance:com.ontestautomation.restassured.datadriven.RestAssuredDataDrivenTests2@5dfcfece]" name="compoundMetricChec" duration-ms="47" started-at="2017-02-02T18:25:30Z" data-provider="metricsData" finished-at="2017-02-02T18:25:30Z">
          <params>
            <param index="0">
              <value>
                <![CDATA[cgitest_Src]]>
              </value>
            </param>
            <param index="1">
              <value>
                <![CDATA[6]]>
              </value>
            </param>
            <param index="2">
              <value>
                <![CDATA[CountNew]]>
              </value>
            </param>
            <param index="3">
              <value>
                <![CDATA[2.000000]]>
              </value>
            </param>
          </params>
          <reporter-output>
          </reporter-output>
        </test-method> <!-- compoundMetricChec -->
        <test-method status="PASS" signature="compoundMetricChec(java.lang.String, java.lang.String, java.lang.String, java.lang.String)[pri:0, instance:com.ontestautomation.restassured.datadriven.RestAssuredDataDrivenTests2@5dfcfece]" name="compoundMetricChec" duration-ms="48" started-at="2017-02-02T18:25:30Z" data-provider="metricsData" finished-at="2017-02-02T18:25:30Z">
          <params>
            <param index="0">
              <value>
                <![CDATA[cgitest_Src]]>
              </value>
            </param>
            <param index="1">
              <value>
                <![CDATA[7]]>
              </value>
            </param>
            <param index="2">
              <value>
                <![CDATA[CountNew]]>
              </value>
            </param>
            <param index="3">
              <value>
                <![CDATA[0.000000]]>
              </value>
            </param>
          </params>
          <reporter-output>
          </reporter-output>
        </test-method> <!-- compoundMetricChec -->
        <test-method status="PASS" signature="compoundMetricChec(java.lang.String, java.lang.String, java.lang.String, java.lang.String)[pri:0, instance:com.ontestautomation.restassured.datadriven.RestAssuredDataDrivenTests2@5dfcfece]" name="compoundMetricChec" duration-ms="46" started-at="2017-02-02T18:25:30Z" data-provider="metricsData" finished-at="2017-02-02T18:25:30Z">
          <params>
            <param index="0">
              <value>
                <![CDATA[cgitest_Src]]>
              </value>
            </param>
            <param index="1">
              <value>
                <![CDATA[8]]>
              </value>
            </param>
            <param index="2">
              <value>
                <![CDATA[CountNew]]>
              </value>
            </param>
            <param index="3">
              <value>
                <![CDATA[6.000000]]>
              </value>
            </param>
          </params>
          <reporter-output>
          </reporter-output>
        </test-method> <!-- compoundMetricChec -->
        <test-method status="PASS" signature="compoundMetricChec(java.lang.String, java.lang.String, java.lang.String, java.lang.String)[pri:0, instance:com.ontestautomation.restassured.datadriven.RestAssuredDataDrivenTests2@5dfcfece]" name="compoundMetricChec" duration-ms="46" started-at="2017-02-02T18:25:30Z" data-provider="metricsData" finished-at="2017-02-02T18:25:30Z">
          <params>
            <param index="0">
              <value>
                <![CDATA[cgitest_Src]]>
              </value>
            </param>
            <param index="1">
              <value>
                <![CDATA[9]]>
              </value>
            </param>
            <param index="2">
              <value>
                <![CDATA[CountNew]]>
              </value>
            </param>
            <param index="3">
              <value>
                <![CDATA[0.000000]]>
              </value>
            </param>
          </params>
          <reporter-output>
          </reporter-output>
        </test-method> <!-- compoundMetricChec -->
        <test-method status="PASS" signature="compoundMetricChec(java.lang.String, java.lang.String, java.lang.String, java.lang.String)[pri:0, instance:com.ontestautomation.restassured.datadriven.RestAssuredDataDrivenTests2@5dfcfece]" name="compoundMetricChec" duration-ms="46" started-at="2017-02-02T18:25:30Z" data-provider="metricsData" finished-at="2017-02-02T18:25:30Z">
          <params>
            <param index="0">
              <value>
                <![CDATA[cgitest_Src]]>
              </value>
            </param>
            <param index="1">
              <value>
                <![CDATA[10]]>
              </value>
            </param>
            <param index="2">
              <value>
                <![CDATA[CountNew]]>
              </value>
            </param>
            <param index="3">
              <value>
                <![CDATA[158.000000]]>
              </value>
            </param>
          </params>
          <reporter-output>
          </reporter-output>
        </test-method> <!-- compoundMetricChec -->
        <test-method status="PASS" signature="compoundMetricChec(java.lang.String, java.lang.String, java.lang.String, java.lang.String)[pri:0, instance:com.ontestautomation.restassured.datadriven.RestAssuredDataDrivenTests2@5dfcfece]" name="compoundMetricChec" duration-ms="47" started-at="2017-02-02T18:25:30Z" data-provider="metricsData" finished-at="2017-02-02T18:25:30Z">
          <params>
            <param index="0">
              <value>
                <![CDATA[cgitest_Src]]>
              </value>
            </param>
            <param index="1">
              <value>
                <![CDATA[11]]>
              </value>
            </param>
            <param index="2">
              <value>
                <![CDATA[CountNew]]>
              </value>
            </param>
            <param index="3">
              <value>
                <![CDATA[178.000000]]>
              </value>
            </param>
          </params>
          <reporter-output>
          </reporter-output>
        </test-method> <!-- compoundMetricChec -->
        <test-method status="PASS" signature="compoundMetricChec(java.lang.String, java.lang.String, java.lang.String, java.lang.String)[pri:0, instance:com.ontestautomation.restassured.datadriven.RestAssuredDataDrivenTests2@5dfcfece]" name="compoundMetricChec" duration-ms="51" started-at="2017-02-02T18:25:30Z" data-provider="metricsData" finished-at="2017-02-02T18:25:30Z">
          <params>
            <param index="0">
              <value>
                <![CDATA[cgitest_Src]]>
              </value>
            </param>
            <param index="1">
              <value>
                <![CDATA[12]]>
              </value>
            </param>
            <param index="2">
              <value>
                <![CDATA[CountNew]]>
              </value>
            </param>
            <param index="3">
              <value>
                <![CDATA[155.000000]]>
              </value>
            </param>
          </params>
          <reporter-output>
          </reporter-output>
        </test-method> <!-- compoundMetricChec -->
        <test-method status="PASS" signature="compoundMetricChec(java.lang.String, java.lang.String, java.lang.String, java.lang.String)[pri:0, instance:com.ontestautomation.restassured.datadriven.RestAssuredDataDrivenTests2@5dfcfece]" name="compoundMetricChec" duration-ms="46" started-at="2017-02-02T18:25:30Z" data-provider="metricsData" finished-at="2017-02-02T18:25:31Z">
          <params>
            <param index="0">
              <value>
                <![CDATA[cgitest_Src]]>
              </value>
            </param>
            <param index="1">
              <value>
                <![CDATA[13]]>
              </value>
            </param>
            <param index="2">
              <value>
                <![CDATA[CountNew]]>
              </value>
            </param>
            <param index="3">
              <value>
                <![CDATA[21.000000]]>
              </value>
            </param>
          </params>
          <reporter-output>
          </reporter-output>
        </test-method> <!-- compoundMetricChec -->
        <test-method status="PASS" signature="compoundMetricChec(java.lang.String, java.lang.String, java.lang.String, java.lang.String)[pri:0, instance:com.ontestautomation.restassured.datadriven.RestAssuredDataDrivenTests2@5dfcfece]" name="compoundMetricChec" duration-ms="48" started-at="2017-02-02T18:25:31Z" data-provider="metricsData" finished-at="2017-02-02T18:25:31Z">
          <params>
            <param index="0">
              <value>
                <![CDATA[cgitest_Src]]>
              </value>
            </param>
            <param index="1">
              <value>
                <![CDATA[14]]>
[...]
                <![CDATA[CountNew]]>
              </value>
            </param>
            <param index="3">
              <value>
                <![CDATA[1170.000000]]>
              </value>
            </param>
          </params>
          <reporter-output>
          </reporter-output>
        </test-method> <!-- compoundMetricChec -->
        <test-method status="PASS" signature="compoundMetricChec(java.lang.String, java.lang.String, java.lang.String, java.lang.String)[pri:0, instance:com.ontestautomation.restassured.datadriven.RestAssuredDataDrivenTests2@5dfcfece]" name="compoundMetricChec" duration-ms="49" started-at="2017-02-02T18:25:31Z" data-provider="metricsData" finished-at="2017-02-02T18:25:31Z">
          <params>
            <param index="0">
              <value>
                <![CDATA[cgitest_Bad]]>
              </value>
            </param>
            <param index="1">
              <value>
                <![CDATA[3]]>
              </value>
            </param>
            <param index="2">
              <value>
                <![CDATA[CountNew]]>
              </value>
            </param>
            <param index="3">
              <value>
                <![CDATA[1136.000000]]>
              </value>
            </param>
          </params>
          <reporter-output>
          </reporter-output>
        </test-method> <!-- compoundMetricChec -->
        <test-method status="PASS" signature="compoundMetricChec(java.lang.String, java.lang.String, java.lang.String, java.lang.String)[pri:0, instance:com.ontestautomation.restassured.datadriven.RestAssuredDataDrivenTests2@5dfcfece]" name="compoundMetricChec" duration-ms="49" started-at="2017-02-02T18:25:31Z" data-provider="metricsData" finished-at="2017-02-02T18:25:31Z">
          <params>
            <param index="0">
              <value>
                <![CDATA[cgitest_Bad]]>
              </value>
            </param>
            <param index="1">
              <value>
                <![CDATA[4]]>
              </value>
            </param>
            <param index="2">
              <value>
                <![CDATA[CountNew]]>
              </value>
            </param>
            <param index="3">
              <value>
                <![CDATA[109.000000]]>
              </value>
            </param>
          </params>
          <reporter-output>
          </reporter-output>
        </test-method> <!-- compoundMetricChec -->
        <test-method status="PASS" signature="compoundMetricChec(java.lang.String, java.lang.String, java.lang.String, java.lang.String)[pri:0, instance:com.ontestautomation.restassured.datadriven.RestAssuredDataDrivenTests2@5dfcfece]" name="compoundMetricChec" duration-ms="48" started-at="2017-02-02T18:25:31Z" data-provider="metricsData" finished-at="2017-02-02T18:25:31Z">
          <params>
            <param index="0">
              <value>
                <![CDATA[cgitest_Bad]]>
              </value>
            </param>
            <param index="1">
              <value>
                <![CDATA[5]]>
              </value>
            </param>
            <param index="2">
              <value>
                <![CDATA[CountNew]]>
              </value>
            </param>
            <param index="3">
              <value>
                <![CDATA[211.000000]]>
              </value>
            </param>
          </params>
          <reporter-output>
          </reporter-output>
        </test-method> <!-- compoundMetricChec -->
        <test-method status="PASS" signature="compoundMetricChec(java.lang.String, java.lang.String, java.lang.String, java.lang.String)[pri:0, instance:com.ontestautomation.restassured.datadriven.RestAssuredDataDrivenTests2@5dfcfece]" name="compoundMetricChec" duration-ms="65" started-at="2017-02-02T18:25:31Z" data-provider="metricsData" finished-at="2017-02-02T18:25:31Z">
          <params>
            <param index="0">
              <value>
                <![CDATA[cgitest_Bad]]>
              </value>
            </param>
            <param index="1">
              <value>
                <![CDATA[6]]>
              </value>
            </param>
            <param index="2">
              <value>
                <![CDATA[CountNew]]>
              </value>
            </param>
            <param index="3">
              <value>
                <![CDATA[77.000000]]>
              </value>
            </param>
          </params>
          <reporter-output>
          </reporter-output>
        </test-method> <!-- compoundMetricChec -->
        <test-method status="PASS" signature="compoundMetricChec(java.lang.String, java.lang.String, java.lang.String, java.lang.String)[pri:0, instance:com.ontestautomation.restassured.datadriven.RestAssuredDataDrivenTests2@5dfcfece]" name="compoundMetricChec" duration-ms="52" started-at="2017-02-02T18:25:31Z" data-provider="metricsData" finished-at="2017-02-02T18:25:31Z">
          <params>
            <param index="0">
              <value>
                <![CDATA[cgitest_Bad]]>
              </value>
            </param>
            <param index="1">
              <value>
                <![CDATA[7]]>
              </value>
            </param>
            <param index="2">
              <value>
                <![CDATA[CountNew]]>
              </value>
            </param>
            <param index="3">
              <value>
                <![CDATA[33.000000]]>
              </value>
            </param>
          </params>
          <reporter-output>
          </reporter-output>
        </test-method> <!-- compoundMetricChec -->
        <test-method status="PASS" signature="compoundMetricChec(java.lang.String, java.lang.String, java.lang.String, java.lang.String)[pri:0, instance:com.ontestautomation.restassured.datadriven.RestAssuredDataDrivenTests2@5dfcfece]" name="compoundMetricChec" duration-ms="49" started-at="2017-02-02T18:25:31Z" data-provider="metricsData" finished-at="2017-02-02T18:25:31Z">
          <params>
            <param index="0">
              <value>
                <![CDATA[cgitest_Bad]]>
              </value>
            </param>
            <param index="1">
              <value>
                <![CDATA[8]]>
              </value>
            </param>
            <param index="2">
              <value>
                <![CDATA[CountNew]]>
              </value>
            </param>
            <param index="3">
              <value>
                <![CDATA[25.000000]]>
              </value>
            </param>
          </params>
          <reporter-output>
          </reporter-output>
        </test-method> <!-- compoundMetricChec -->
        <test-method status="PASS" signature="compoundMetricChec(java.lang.String, java.lang.String, java.lang.String, java.lang.String)[pri:0, instance:com.ontestautomation.restassured.datadriven.RestAssuredDataDrivenTests2@5dfcfece]" name="compoundMetricChec" duration-ms="50" started-at="2017-02-02T18:25:31Z" data-provider="metricsData" finished-at="2017-02-02T18:25:31Z">
          <params>
            <param index="0">
              <value>
                <![CDATA[cgitest_Bad]]>
              </value>
            </param>
            <param index="1">
              <value>
                <![CDATA[9]]>
              </value>
            </param>
            <param index="2">
              <value>
                <![CDATA[CountNew]]>
              </value>
            </param>
            <param index="3">
              <value>
                <![CDATA[0.000000]]>
              </value>
            </param>
          </params>
          <reporter-output>
          </reporter-output>
        </test-method> <!-- compoundMetricChec -->
        <test-method status="PASS" signature="compoundMetricChec(java.lang.String, java.lang.String, java.lang.String, java.lang.String)[pri:0, instance:com.ontestautomation.restassured.datadriven.RestAssuredDataDrivenTests2@5dfcfece]" name="compoundMetricChec" duration-ms="48" started-at="2017-02-02T18:25:31Z" data-provider="metricsData" finished-at="2017-02-02T18:25:31Z">
          <params>
            <param index="0">
              <value>
                <![CDATA[cgitest_Bad]]>
              </value>
            </param>
            <param index="1">
              <value>
                <![CDATA[10]]>
              </value>
            </param>
            <param index="2">
              <value>
                <![CDATA[CountNew]]>
              </value>
            </param>
            <param index="3">
              <value>
                <![CDATA[255.000000]]>
              </value>
            </param>
          </params>
          <reporter-output>
          </reporter-output>
        </test-method> <!-- compoundMetricChec -->
        <test-method status="PASS" signature="compoundMetricChec(java.lang.String, java.lang.String, java.lang.String, java.lang.String)[pri:0, instance:com.ontestautomation.restassured.datadriven.RestAssuredDataDrivenTests2@5dfcfece]" name="compoundMetricChec" duration-ms="47" started-at="2017-02-02T18:25:31Z" data-provider="metricsData" finished-at="2017-02-02T18:25:31Z">
          <params>
            <param index="0">
              <value>
                <![CDATA[cgitest_Bad]]>
              </value>
            </param>
            <param index="1">
              <value>
                <![CDATA[11]]>
              </value>
            </param>
            <param index="2">
              <value>
                <![CDATA[CountNew]]>
              </value>
            </param>
            <param index="3">
              <value>
                <![CDATA[247.000000]]>
              </value>
            </param>
          </params>
          <reporter-output>
          </reporter-output>
        </test-method> <!-- compoundMetricChec -->
        <test-method status="PASS" signature="compoundMetricChec(java.lang.String, java.lang.String, java.lang.String, java.lang.String)[pri:0, instance:com.ontestautomation.restassured.datadriven.RestAssuredDataDrivenTests2@5dfcfece]" name="compoundMetricChec" duration-ms="47" started-at="2017-02-02T18:25:31Z" data-provider="metricsData" finished-at="2017-02-02T18:25:31Z">
          <params>
            <param index="0">
              <value>
                <![CDATA[cgitest_Bad]]>
              </value>
            </param>
            <param index="1">
              <value>
                <![CDATA[12]]>
              </value>
            </param>
            <param index="2">
              <value>
                <![CDATA[CountNew]]>
              </value>
            </param>
            <param index="3">
              <value>
                <![CDATA[402.000000]]>
              </value>
            </param>
          </params>
          <reporter-output>
          </reporter-output>
        </test-method> <!-- compoundMetricChec -->
        <test-method status="PASS" signature="compoundMetricChec(java.lang.String, java.lang.String, java.lang.String, java.lang.String)[pri:0, instance:com.ontestautomation.restassured.datadriven.RestAssuredDataDrivenTests2@5dfcfece]" name="compoundMetricChec" duration-ms="48" started-at="2017-02-02T18:25:31Z" data-provider="metricsData" finished-at="2017-02-02T18:25:32Z">
          <params>
            <param index="0">
              <value>
                <![CDATA[cgitest_Bad]]>
              </value>
            </param>
            <param index="1">
              <value>
                <![CDATA[13]]>
              </value>
            </param>
            <param index="2">
              <value>
                <![CDATA[CountNew]]>
              </value>
            </param>
            <param index="3">
              <value>
                <![CDATA[20.000000]]>
              </value>
            </param>
          </params>
          <reporter-output>
          </reporter-output>
        </test-method> <!-- compoundMetricChec -->
        <test-method status="PASS" signature="compoundMetricChec(java.lang.String, java.lang.String, java.lang.String, java.lang.String)[pri:0, instance:com.ontestautomation.restassured.datadriven.RestAssuredDataDrivenTests2@5dfcfece]" name="compoundMetricChec" duration-ms="48" started-at="2017-02-02T18:25:32Z" data-provider="metricsData" finished-at="2017-02-02T18:25:32Z">
          <params>
            <param index="0">
              <value>
                <![CDATA[cgitest_Bad]]>
              </value>
            </param>
            <param index="1">
              <value>
                <![CDATA[14]]>
              </value>
            </param>
            <param index="2">
              <value>
                <![CDATA[CountNew]]>
              </value>
            </param>
            <param index="3">
              <value>
                <![CDATA[0.000000]]>
              </value>
            </param>
          </params>
          <reporter-output>
          </reporter-output>
        </test-method> <!-- compoundMetricChec -->
        <test-method status="PASS" signature="compoundMetricChec(java.lang.String, java.lang.String, java.lang.String, java.lang.String)[pri:0, instance:com.ontestautomation.restassured.datadriven.RestAssuredDataDrivenTests2@5dfcfece]" name="compoundMetricChec" duration-ms="49" started-at="2017-02-02T18:25:32Z" data-provider="metricsData" finished-at="2017-02-02T18:25:32Z">
          <params>
            <param index="0">
              <value>
                <![CDATA[cgitest_Bad]]>
              </value>
            </param>
            <param index="1">
              <value>
                <![CDATA[15]]>
              </value>
            </param>
            <param index="2">
              <value>
                <![CDATA[CountNew]]>
              </value>
            </param>
            <param index="3">
              <value>
                <![CDATA[2.000000]]>
              </value>
            </param>
          </params>
          <reporter-output>
          </reporter-output>
        </test-method> <!-- compoundMetricChec -->
        <test-method status="PASS" signature="compoundMetricChec(java.lang.String, java.lang.String, java.lang.String, java.lang.String)[pri:0, instance:com.ontestautomation.restassured.datadriven.RestAssuredDataDrivenTests2@5dfcfece]" name="compoundMetricChec" duration-ms="50" started-at="2017-02-02T18:25:32Z" data-provider="metricsData" finished-at="2017-02-02T18:25:32Z">
          <params>
            <param index="0">
              <value>
                <![CDATA[cgitest_Bad]]>
              </value>
            </param>
            <param index="1">
              <value>
                <![CDATA[16]]>
              </value>
            </param>
            <param index="2">
              <value>
                <![CDATA[CountNew]]>
              </value>
            </param>
            <param index="3">
              <value>
                <![CDATA[75.000000]]>
              </value>
            </param>
          </params>
          <reporter-output>
          </reporter-output>
        </test-method> <!-- compoundMetricChec -->
        <test-method status="PASS" signature="compoundMetricChec(java.lang.String, java.lang.String, java.lang.String, java.lang.String)[pri:0, instance:com.ontestautomation.restassured.datadriven.RestAssuredDataDrivenTests2@5dfcfece]" name="compoundMetricChec" duration-ms="48" started-at="2017-02-02T18:25:32Z" data-provider="metricsData" finished-at="2017-02-02T18:25:32Z">
          <params>
            <param index="0">
              <value>
                <![CDATA[cgitest_Bad]]>
              </value>
            </param>
            <param index="1">
              <value>
                <![CDATA[17]]>
              </value>
            </param>
            <param index="2">
              <value>
                <![CDATA[CountNew]]>
              </value>
            </param>
            <param index="3">
              <value>
                <![CDATA[17.000000]]>
              </value>
            </param>
          </params>
          <reporter-output>
          </reporter-output>
        </test-method> <!-- compoundMetricChec -->
        <test-method status="PASS" signature="compoundMetricChec(java.lang.String, java.lang.String, java.lang.String, java.lang.String)[pri:0, instance:com.ontestautomation.restassured.datadriven.RestAssuredDataDrivenTests2@5dfcfece]" name="compoundMetricChec" duration-ms="47" started-at="2017-02-02T18:25:32Z" data-provider="metricsData" finished-at="2017-02-02T18:25:32Z">
          <params>
            <param index="0">
              <value>
                <![CDATA[cgitest_Bad]]>
              </value>
            </param>
            <param index="1">
              <value>
                <![CDATA[18]]>
              </value>
            </param>
            <param index="2">
              <value>
                <![CDATA[CountNew]]>
              </value>
            </param>
            <param index="3">
              <value>
                <![CDATA[31.000000]]>
              </value>
            </param>
          </params>
          <reporter-output>
          </reporter-output>
        </test-method> <!-- compoundMetricChec -->
        <test-method status="PASS" signature="compoundMetricChec(java.lang.String, java.lang.String, java.lang.String, java.lang.String)[pri:0, instance:com.ontestautomation.restassured.datadriven.RestAssuredDataDrivenTests2@5dfcfece]" name="compoundMetricChec" duration-ms="48" started-at="2017-02-02T18:25:32Z" data-provider="metricsData" finished-at="2017-02-02T18:25:32Z">
          <params>
            <param index="0">
              <value>
                <![CDATA[cgitest_Bad]]>
              </value>
            </param>
            <param index="1">
              <value>
                <![CDATA[19]]>
              </value>
            </param>
            <param index="2">
              <value>
                <![CDATA[CountNew]]>
              </value>
            </param>
            <param index="3">
              <value>
                <![CDATA[0.000000]]>
              </value>
            </param>
          </params>
          <reporter-output>
          </reporter-output>
        </test-method> <!-- compoundMetricChec -->
        <test-method status="PASS" signature="compoundMetricChec(java.lang.String, java.lang.String, java.lang.String, java.lang.String)[pri:0, instance:com.ontestautomation.restassured.datadriven.RestAssuredDataDrivenTests2@5dfcfece]" name="compoundMetricChec" duration-ms="47" started-at="2017-02-02T18:25:32Z" data-provider="metricsData" finished-at="2017-02-02T18:25:32Z">
          <params>
            <param index="0">
              <value>
                <![CDATA[cgitest_Bad]]>
              </value>
            </param>
            <param index="1">
              <value>
                <![CDATA[20]]>
              </value>
            </param>
            <param index="2">
              <value>
                <![CDATA[CountNew]]>
              </value>
            </param>
            <param index="3">
              <value>
                <![CDATA[10.000000]]>
              </value>
            </param>
          </params>
          <reporter-output>
          </reporter-output>
        </test-method> <!-- compoundMetricChec -->
      </class> <!-- com.ontestautomation.restassured.datadriven.RestAssuredDataDrivenTests2 -->
    </test> <!-- Default test -->
  </suite> <!-- Default suite -->
</testng-results>
